<?xml version="1.0" encoding="UTF-8"?>
<testng-results skipped="0" failed="0" total="2" passed="2">
  <reporter-output>
  </reporter-output>
  <suite name="Default suite" duration-ms="324" started-at="2016-03-18T08:02:33Z" finished-at="2016-03-18T08:02:34Z">
    <groups>
    </groups>
    <test name="Default test" duration-ms="324" started-at="2016-03-18T08:02:33Z" finished-at="2016-03-18T08:02:34Z">
      <class name="com.stta.SuiteTwo.SuiteTwoCaseTwo">
        <test-method status="PASS" signature="checkCaseToRun()[pri:0, instance:com.stta.SuiteTwo.SuiteTwoCaseTwo@16c0663d]" name="checkCaseToRun" is-config="true" duration-ms="290" started-at="2016-03-18T15:02:33Z" finished-at="2016-03-18T15:02:34Z">
          <reporter-output>
          </reporter-output>
        </test-method> <!-- checkCaseToRun -->
        <test-method status="PASS" signature="SuiteTwoCaseTwoTest(java.lang.String, java.lang.String, java.lang.String)[pri:0, instance:com.stta.SuiteTwo.SuiteTwoCaseTwo@16c0663d]" name="SuiteTwoCaseTwoTest" duration-ms="5" started-at="2016-03-18T15:02:34Z" data-provider="SuiteTwoCaseTwoData" finished-at="2016-03-18T15:02:34Z">
          <params>
            <param index="0">
              <value>
                <![CDATA[9]]>
              </value>
            </param>
            <param index="1">
              <value>
                <![CDATA[3]]>
              </value>
            </param>
            <param index="2">
              <value>
                <![CDATA[3]]>
              </value>
            </param>
          </params>
          <reporter-output>
          </reporter-output>
        </test-method> <!-- SuiteTwoCaseTwoTest -->
        <test-method status="PASS" signature="SuiteTwoCaseTwoTest(java.lang.String, java.lang.String, java.lang.String)[pri:0, instance:com.stta.SuiteTwo.SuiteTwoCaseTwo@16c0663d]" name="SuiteTwoCaseTwoTest" duration-ms="2" started-at="2016-03-18T15:02:34Z" data-provider="SuiteTwoCaseTwoData" finished-at="2016-03-18T15:02:34Z">
          <params>
            <param index="0">
              <value>
                <![CDATA[4]]>
              </value>
            </param>
            <param index="1">
              <value>
                <![CDATA[2]]>
              </value>
            </param>
            <param index="2">
              <value>
                <![CDATA[2]]>
              </value>
            </param>
          </params>
          <reporter-output>
          </reporter-output>
        </test-method> <!-- SuiteTwoCaseTwoTest -->
      </class> <!-- com.stta.SuiteTwo.SuiteTwoCaseTwo -->
    </test> <!-- Default test -->
  </suite> <!-- Default suite -->
</testng-results>
