<?xml version="1.0" encoding="UTF-8"?>
<!-- Generated by org.testng.reporters.JUnitXMLReporter -->
<testsuite hostname="lgvn14575" name="SuiteTwoCaseOne" tests="1" failures="0" timestamp="23 Mar 2016 08:58:36 GMT" time="0.01" errors="0">
  <testcase name="@BeforeTest checkCaseToRun" time="0.0" classname="com.stta.SuiteTwo.SuiteTwoCaseOne">
    <skipped/>
  </testcase> <!-- @BeforeTest checkCaseToRun -->
  <testcase name="@AfterTest closeBrowser" time="0.0" classname="com.stta.SuiteTwo.SuiteTwoCaseOne">
    <skipped/>
  </testcase> <!-- @AfterTest closeBrowser -->
  <testcase name="SuiteTwoCaseOneTest" time="0.0" classname="com.stta.SuiteTwo.SuiteTwoCaseOne">
    <skipped/>
  </testcase> <!-- SuiteTwoCaseOneTest -->
</testsuite> <!-- SuiteTwoCaseOne -->
