<?xml version="1.0" encoding="UTF-8"?>
<!-- Generated by org.testng.reporters.JUnitXMLReporter -->
<testsuite hostname="lgvn14575" name="SuiteOneCaseTwo" tests="2" failures="0" timestamp="23 Mar 2016 08:58:36 GMT" time="19.589" errors="0">
  <testcase name="SuiteOneCaseTwoTest" time="0.001" classname="com.stta.SuiteOne.SuiteOneCaseTwo">
    <skipped/>
  </testcase> <!-- SuiteOneCaseTwoTest -->
  <testcase name="SuiteOneCaseTwoTest" time="18.986" classname="com.stta.SuiteOne.SuiteOneCaseTwo"/>
</testsuite> <!-- SuiteOneCaseTwo -->
